###Starting script###
torch version: 0.4.0
Number CUDA Devices: 1
batch size: 1024
epochs: 10
Model(
  (h1): Linear(in_features=1453, out_features=512, bias=True)
  (z): Linear(in_features=512, out_features=128, bias=True)
  (h2): Linear(in_features=128, out_features=512, bias=True)
  (h3): Linear(in_features=512, out_features=1400, bias=True)
)
1594360
{'dropout_p': 0.1, 'learning_rate': 0.003, 'weight_init': <function orthogonal_ at 0x7f739af0fd08>, 'hidden_size1': 512, 'hidden_size2': 256, 'z_size': 128}
Epoch: 0
train loss: 1.1401961145895547
valiation loss: 0.5610101655408551
Epoch: 1
train loss: 1.007286302772337
valiation loss: 0.5343015955973275
Epoch: 2
train loss: 0.9721202400607475
valiation loss: 0.5313513970576258
Epoch: 3
train loss: 0.953262302160695
valiation loss: 0.5432907114834976
